0 info it worked if it ends with ok
1 verbose cli [ 'node', '/usr/local/bin/npm', 'start' ]
2 info using npm@1.1.66
3 info using node@v0.8.15
4 verbose read json /Users/franklovecchio/Desktop/dev/node-monitor/package.json
5 verbose run-script [ 'prestart', 'start', 'poststart' ]
6 info prestart node-monitor@0.0.7
7 info start node-monitor@0.0.7
8 verbose unsafe-perm in lifecycle true
9 silly exec sh "-c" "coffee src/node-monitor.coffee"
10 silly sh,-c,coffee src/node-monitor.coffee,/Users/franklovecchio/Desktop/dev/node-monitor spawning
11 info node-monitor@0.0.7 Failed to exec start script
12 error node-monitor@0.0.7 start: `coffee src/node-monitor.coffee`
12 error `sh "-c" "coffee src/node-monitor.coffee"` failed with 1
13 error Failed at the node-monitor@0.0.7 start script.
13 error This is most likely a problem with the node-monitor package,
13 error not with npm itself.
13 error Tell the author that this fails on your system:
13 error     coffee src/node-monitor.coffee
13 error You can get their info via:
13 error     npm owner ls node-monitor
13 error There is likely additional logging output above.
14 error System Darwin 12.2.1
15 error command "node" "/usr/local/bin/npm" "start"
16 error cwd /Users/franklovecchio/Desktop/dev/node-monitor
17 error node -v v0.8.15
18 error npm -v 1.1.66
19 error code ELIFECYCLE
20 verbose exit [ 1, true ]
